ALERT - 2023-08-23 00:13:37 --> promo3betlist/save_data_csv batch insert betlist3. user: admintest01 data: 1094 entries inserted. IP: 116.50.143.110
ALERT - 2023-08-23 00:13:44 --> Promo3betlist/process_data. user: admintest01 Userinfo insert: 189. Userinfo update: 260. Promo insert: 351. IP: 116.50.143.110
ALERT - 2023-08-23 15:32:13 --> login success: admintest01. IP: 116.50.143.83
ALERT - 2023-08-23 17:31:06 --> login fail. user: admintest01 pass: testing123456. IP: 116.50.143.109
ALERT - 2023-08-23 17:31:14 --> login success: admintest01. IP: 116.50.143.109
ALERT - 2023-08-23 18:53:14 --> login success: admintest01. IP: 116.50.143.83
ALERT - 2023-08-23 19:11:29 --> promo3betlist/save_data_csv batch insert betlist3. user: admintest01 data: 1000 entries inserted. IP: 116.50.143.83
ALERT - 2023-08-23 19:11:35 --> Promo3betlist/process_data. user: admintest01 Userinfo insert: 539. Userinfo update: 0. Promo insert: 931. IP: 116.50.143.83
ALERT - 2023-08-23 19:49:13 --> login success: admintest01. IP: 104.28.194.107
ALERT - 2023-08-23 19:59:49 --> SysConfig/save_data edit. user: admintest01 data: $_POST: Array
(
    [name] => pr1_link1
    [sys_desc] => NO 教程 no.097vip.net
    [sys_value] => 
    [action_type] => 1
    [photo] => undefined
)
 . IP: 116.50.143.83
ALERT - 2023-08-23 20:00:29 --> SysConfig/save_data edit. user: admintest01 data: $_POST: Array
(
    [name] => pr1_link1
    [sys_desc] => NO 教程 no.097vip.net
    [sys_value] => 
    [action_type] => 1
)
 . IP: 116.50.143.83
ALERT - 2023-08-23 20:02:26 --> SysConfig/save_data edit. user: admintest01 data: $_POST: Array
(
    [name] => pr1_link2
    [sys_desc] => USDT 教程 no.097vip.net
    [sys_value] => 
    [action_type] => 2
)
 . IP: 116.50.143.83
ALERT - 2023-08-23 20:02:37 --> SysConfig/save_data edit. user: admintest01 data: $_POST: Array
(
    [name] => pr1_link3
    [sys_desc] => 钱能 教程 no.097vip.net
    [sys_value] => 
    [action_type] => 3
)
 . IP: 116.50.143.83
ALERT - 2023-08-23 20:02:47 --> SysConfig/save_data edit. user: admintest01 data: $_POST: Array
(
    [name] => pr1_link4
    [sys_desc] => 购宝 教程 no.097vip.net
    [sys_value] => 
    [action_type] => 4
)
 . IP: 116.50.143.83
ALERT - 2023-08-23 20:02:58 --> SysConfig/save_data edit. user: admintest01 data: $_POST: Array
(
    [name] => pr1_link5
    [sys_desc] => TOPAY 教程 no.097vip.net
    [sys_value] => 
    [action_type] => 5
)
 . IP: 116.50.143.83
ALERT - 2023-08-23 20:03:12 --> SysConfig/save_data edit. user: admintest01 data: $_POST: Array
(
    [name] => pr1_link6
    [sys_desc] => CGPAY 教程 no.097vip.net
    [sys_value] => 
    [action_type] => 6
)
 . IP: 116.50.143.83
ALERT - 2023-08-23 20:03:22 --> SysConfig/save_data edit. user: admintest01 data: $_POST: Array
(
    [name] => pr1_link7
    [sys_desc] => GOPAY 教程 no.097vip.net
    [sys_value] => 
    [action_type] => 7
)
 . IP: 116.50.143.83
ALERT - 2023-08-23 20:03:33 --> SysConfig/save_data edit. user: admintest01 data: $_POST: Array
(
    [name] => pr1_link8
    [sys_desc] => OKPAY 教程 no.097vip.net
    [sys_value] => 
    [action_type] => 8
)
 . IP: 116.50.143.83
ALERT - 2023-08-23 20:03:44 --> SysConfig/save_data edit. user: admintest01 data: $_POST: Array
(
    [name] => pr1_link9
    [sys_desc] => k豆 教程 no.097vip.net
    [sys_value] => 
    [action_type] => 9
)
 . IP: 116.50.143.83
ALERT - 2023-08-23 20:03:53 --> SysConfig/save_data edit. user: admintest01 data: $_POST: Array
(
    [name] => pr1_link10
    [sys_desc] => 988PAY 教程 no.097vip.net
    [sys_value] => 
    [action_type] => 10
)
 . IP: 116.50.143.83
ALERT - 2023-08-23 20:04:15 --> SysConfig/save_data edit. user: admintest01 data: $_POST: Array
(
    [name] => pr1_link11
    [sys_desc] => 上网 导航 no.097vip.net
    [sys_value] => https://097xl.net/
    [action_type] => 11
    [photo] => undefined
)
 . IP: 116.50.143.83
ALERT - 2023-08-23 20:04:41 --> SysConfig/save_data edit. user: admintest01 data: $_POST: Array
(
    [name] => pr1_link12
    [sys_desc] => 在线 客服 no.097vip.net
    [sys_value] => https://sewiow.0cx1bvhn.com/03fd8fadb634d71jkfle-kelifd8ca1b73ad7157485d8890b44544522a9b1827ca3777c40ade66678540caed2
    [action_type] => 12
    [photo] => undefined
)
 . IP: 116.50.143.83
ALERT - 2023-08-23 20:07:23 --> SysConfig/save_data add. user: admintest01 data: $_POST: Array
(
    [name] => pr2_link1
    [sys_desc] => NO 教程 no.8167vip.org
    [sys_value] => 
    [action_type] => add
)
 . IP: 116.50.143.83
CRITICAL - 2023-08-23 20:08:58 --> App\Models\SysConfigModel::update_data(): Argument #1 ($id) must be of type int, string given, called in /data/www/1697622_com_new/app/Controllers/Admin/SysConfig.php on line 116
in APPPATH/Models/SysConfigModel.php on line 86.
 1 APPPATH/Controllers/Admin/SysConfig.php(116): App\Models\SysConfigModel->update_data()
 2 SYSTEMPATH/CodeIgniter.php(934): App\Controllers\Admin\SysConfig->save_data()
 3 SYSTEMPATH/CodeIgniter.php(499): CodeIgniter\CodeIgniter->runController()
 4 SYSTEMPATH/CodeIgniter.php(368): CodeIgniter\CodeIgniter->handleRequest()
 5 FCPATH/index.php(67): CodeIgniter\CodeIgniter->run()
ALERT - 2023-08-23 20:09:35 --> SysConfig/save_data add. user: admintest01 data: $_POST: Array
(
    [name] => pr2_link2
    [sys_desc] => USDT 教程 no.8167vip.org/
    [sys_value] => 
    [action_type] => add
)
 . IP: 116.50.143.83
ALERT - 2023-08-23 20:10:47 --> SysConfig/save_data add. user: admintest01 data: $_POST: Array
(
    [name] => pr2_link3
    [sys_desc] => 钱能 教程 no.8167vip.org
    [sys_value] => 
    [action_type] => add
)
 . IP: 116.50.143.83
ALERT - 2023-08-23 20:11:54 --> SysConfig/save_data add. user: admintest01 data: $_POST: Array
(
    [name] => pr2_link4
    [sys_desc] => 购宝 教程 no.8167vip.org
    [sys_value] => 
    [action_type] => add
)
 . IP: 116.50.143.83
ALERT - 2023-08-23 20:12:18 --> SysConfig/save_data add. user: admintest01 data: $_POST: Array
(
    [name] => pr2_link5
    [sys_desc] => TOPAY 教程 no.8167vip.org
    [sys_value] => 
    [action_type] => add
)
 . IP: 116.50.143.83
ALERT - 2023-08-23 20:12:45 --> SysConfig/save_data add. user: admintest01 data: $_POST: Array
(
    [name] => pr2_link6
    [sys_desc] => CGPAY 教程 no.8167vip.org
    [sys_value] => 
    [action_type] => add
)
 . IP: 116.50.143.83
ALERT - 2023-08-23 20:13:07 --> SysConfig/save_data add. user: admintest01 data: $_POST: Array
(
    [name] => pr2_link7
    [sys_desc] => GOPAY 教程 no.8167vip.org
    [sys_value] => 
    [action_type] => add
)
 . IP: 116.50.143.83
ALERT - 2023-08-23 20:13:34 --> SysConfig/save_data add. user: admintest01 data: $_POST: Array
(
    [name] => pr2_link8
    [sys_desc] => OKPAY 教程 no.8167vip.org
    [sys_value] => 
    [action_type] => add
)
 . IP: 116.50.143.83
ALERT - 2023-08-23 20:14:48 --> SysConfig/save_data add. user: admintest01 data: $_POST: Array
(
    [name] => pr2_link9
    [sys_desc] => k豆 教程 no.8167vip.org
    [sys_value] => 
    [action_type] => add
)
 . IP: 116.50.143.83
ALERT - 2023-08-23 20:15:19 --> SysConfig/save_data add. user: admintest01 data: $_POST: Array
(
    [name] => pr2_link10
    [sys_desc] => 988PAY 教程 no.8167vip.org
    [sys_value] => 
    [action_type] => add
)
 . IP: 116.50.143.83
ALERT - 2023-08-23 20:15:51 --> SysConfig/save_data add. user: admintest01 data: $_POST: Array
(
    [name] => pr2_link11
    [sys_desc] => 上网 导航 no.8167vip.org
    [sys_value] => https://097xl.net/
    [action_type] => add
    [photo] => undefined
)
 . IP: 116.50.143.83
ALERT - 2023-08-23 20:16:13 --> SysConfig/save_data add. user: admintest01 data: $_POST: Array
(
    [name] => pr2_link12
    [sys_desc] => 在线 客服 no.8167vip.org
    [sys_value] => https://sewiow.0cx1bvhn.com/03fd8fadb634d71jkfle-kelifd8ca1b73ad7157485d8890b44544522a9b1827ca3777c40ade66678540caed2
    [action_type] => add
    [photo] => undefined
)
 . IP: 116.50.143.83
ALERT - 2023-08-23 21:01:06 --> login fail. user: admintest01 pass: testing123456. IP: 116.50.143.109
ALERT - 2023-08-23 21:01:06 --> login fail. user: admintest01 pass: testing123456. IP: 116.50.143.109
ALERT - 2023-08-23 21:01:08 --> login success: admintest01. IP: 116.50.143.109
ALERT - 2023-08-23 21:08:07 --> login success: admintest01. IP: 116.50.143.109
ALERT - 2023-08-23 22:21:47 --> login success: admintest01. IP: 116.50.143.110
ALERT - 2023-08-23 23:47:50 --> login fail. user: admintest01 pass: testing123456. IP: 116.50.143.109
ALERT - 2023-08-23 23:48:25 --> login success: admintest01. IP: 116.50.143.109
