ALERT - 2023-08-17 11:50:55 --> login fail. user: admintest01 pass: testing123456. IP: 116.50.143.83
ALERT - 2023-08-17 11:51:08 --> login success: admintest01. IP: 116.50.143.83
ALERT - 2023-08-17 12:00:55 --> login success: admintest01. IP: 116.50.143.83
ALERT - 2023-08-17 12:04:22 --> SysConfig/save_data edit. user: admintest01 data: $_POST: Array
(
    [name] => pr1_link1
    [sys_desc] => NO 教程
    [sys_value] => text.jpg
    [action_type] => 1
)
 . IP: 116.50.143.83
ALERT - 2023-08-17 12:05:32 --> SysConfig/save_data edit. user: admintest01 data: $_POST: Array
(
    [name] => pr1_link1
    [sys_desc] => NO 教程
    [sys_value] => https://text.jpg
    [action_type] => 1
)
 . IP: 116.50.143.83
ALERT - 2023-08-17 12:05:55 --> SysConfig/save_data edit. user: admintest01 data: $_POST: Array
(
    [name] => pr1_link1
    [sys_desc] => NO 教程
    [sys_value] => text.jpg
    [action_type] => 1
)
 . IP: 116.50.143.83
ALERT - 2023-08-17 12:06:58 --> SysConfig/save_data edit. user: admintest01 data: $_POST: Array
(
    [name] => pr1_link1
    [sys_desc] => NO 教程
    [sys_value] => http://link1.com
    [action_type] => 1
)
 . IP: 116.50.143.83
ALERT - 2023-08-17 12:19:44 --> SysConfig/save_data edit. user: admintest01 data: $_POST: Array
(
    [name] => pr1_link1
    [sys_desc] => NO 教程
    [sys_value] => text.jpg
    [action_type] => 1
)
 . IP: 116.50.143.83
ALERT - 2023-08-17 12:20:08 --> SysConfig/save_data edit. user: admintest01 data: $_POST: Array
(
    [name] => pr1_link1
    [sys_desc] => NO 教程
    [sys_value] => http://link1.com
    [action_type] => 1
)
 . IP: 116.50.143.83
ALERT - 2023-08-17 12:40:40 --> SysConfig/save_data edit. user: admintest01 data: $_POST: Array
(
    [name] => pr1_link1
    [sys_desc] => NO 教程
    [sys_value] => tedst.jpg
    [action_type] => 1
)
 . IP: 116.50.143.83
ALERT - 2023-08-17 12:40:56 --> SysConfig/save_data edit. user: admintest01 data: $_POST: Array
(
    [name] => pr1_link1
    [sys_desc] => NO 教程
    [sys_value] => http://link1.com
    [action_type] => 1
)
 . IP: 116.50.143.83
ALERT - 2023-08-17 14:43:34 --> SysConfig/save_data add. user: admintest01 data: $_POST: Array
(
    [name] => pr1-link13
    [sys_desc] => adfafas
    [sys_value] => 
    [action_type] => add
)
 . IP: 116.50.143.83
ALERT - 2023-08-17 14:44:12 --> SysConfig/save_data edit. user: admintest01 data: $_POST: Array
(
    [name] => pr1-link13
    [sys_desc] => adfafas
    [sys_value] => https://google.com
    [action_type] => 15
)
 . IP: 116.50.143.83
ALERT - 2023-08-17 14:45:11 --> SysConfig/save_data edit. user: admintest01 data: $_POST: Array
(
    [name] => pr1-link13
    [sys_desc] => adfafas
    [sys_value] => https://google.com
    [action_type] => 15
    [photo] => undefined
)
 . IP: 116.50.143.83
ALERT - 2023-08-17 14:45:25 --> SysConfig/save_data edit. user: admintest01 data: $_POST: Array
(
    [name] => pr1-link13
    [sys_desc] => adfafas
    [sys_value] => 
    [action_type] => 15
)
 . IP: 116.50.143.83
ALERT - 2023-08-17 14:45:47 --> SysConfig/save_data edit. user: admintest01 data: $_POST: Array
(
    [name] => pr1-link13
    [sys_desc] => adfafas
    [sys_value] => asdasda
    [action_type] => 15
)
 . IP: 116.50.143.83
ALERT - 2023-08-17 14:51:34 --> SysConfig/save_data edit. user: admintest01 data: $_POST: Array
(
    [name] => pr1-link13
    [sys_desc] => adfafas
    [sys_value] => https://google.com
    [action_type] => 15
    [photo] => undefined
)
 . IP: 116.50.143.83
ALERT - 2023-08-17 14:51:49 --> SysConfig/save_data edit. user: admintest01 data: $_POST: Array
(
    [name] => pr1-link13
    [sys_desc] => adfafas
    [sys_value] => 
    [action_type] => 15
)
 . IP: 116.50.143.83
ALERT - 2023-08-17 14:53:10 --> SysConfig/save_data edit. user: admintest01 data: $_POST: Array
(
    [name] => pr1-link13
    [sys_desc] => adfafas
    [sys_value] => https://google.com
    [action_type] => 15
)
 . IP: 116.50.143.83
ALERT - 2023-08-17 14:57:52 --> SysConfig/save_data edit. user: admintest01 data: $_POST: Array
(
    [name] => pr1-link13
    [sys_desc] => adfafas
    [sys_value] => https://google.com
    [action_type] => 15
    [photo] => undefined
)
 . IP: 116.50.143.83
ALERT - 2023-08-17 14:58:02 --> SysConfig/save_data edit. user: admintest01 data: $_POST: Array
(
    [name] => pr1-link13
    [sys_desc] => adfafas
    [sys_value] => 
    [action_type] => 15
)
 . IP: 116.50.143.83
ALERT - 2023-08-17 14:58:56 --> SysConfig/save_data edit. user: admintest01 data: $_POST: Array
(
    [name] => pr1-link13
    [sys_desc] => adfafas
    [sys_value] => 
    [action_type] => 15
)
 . IP: 116.50.143.83
ALERT - 2023-08-17 15:00:01 --> SysConfig/save_data edit. user: admintest01 data: $_POST: Array
(
    [name] => pr1-link13
    [sys_desc] => adfafas
    [sys_value] => https://google.com
    [action_type] => 15
    [photo] => undefined
)
 . IP: 116.50.143.83
ALERT - 2023-08-17 15:00:09 --> SysConfig/save_data edit. user: admintest01 data: $_POST: Array
(
    [name] => pr1-link13
    [sys_desc] => adfafas
    [sys_value] => 
    [action_type] => 15
)
 . IP: 116.50.143.83
ALERT - 2023-08-17 15:00:12 --> SysConfig/save_data edit. user: admintest01 data: $_POST: Array
(
    [name] => pr1-link13
    [sys_desc] => adfafas
    [sys_value] => 
    [action_type] => 15
)
 . IP: 116.50.143.83
ALERT - 2023-08-17 15:02:18 --> SysConfig/save_data edit. user: admintest01 data: $_POST: Array
(
    [name] => pr1-link13
    [sys_desc] => adfafas
    [sys_value] => https://google.com
    [action_type] => 15
    [photo] => undefined
)
 . IP: 116.50.143.83
ALERT - 2023-08-17 15:02:32 --> SysConfig/save_data edit. user: admintest01 data: $_POST: Array
(
    [name] => pr1-link13
    [sys_desc] => adfafas
    [sys_value] => 
    [action_type] => 15
)
 . IP: 116.50.143.83
ALERT - 2023-08-17 15:02:59 --> SysConfig/save_data edit. user: admintest01 data: $_POST: Array
(
    [name] => pr1-link13
    [sys_desc] => adfafas
    [sys_value] => 
    [action_type] => 15
)
 . IP: 116.50.143.83
ALERT - 2023-08-17 15:03:46 --> SysConfig/save_data edit. user: admintest01 data: $_POST: Array
(
    [name] => pr1_link1
    [sys_desc] => NO 教程
    [sys_value] => 
    [action_type] => 1
)
 . IP: 116.50.143.83
ALERT - 2023-08-17 15:03:55 --> SysConfig/save_data edit. user: admintest01 data: $_POST: Array
(
    [name] => pr1_link2
    [sys_desc] => USDT 教程
    [sys_value] => 
    [action_type] => 2
)
 . IP: 116.50.143.83
ALERT - 2023-08-17 15:04:01 --> SysConfig/save_data edit. user: admintest01 data: $_POST: Array
(
    [name] => pr1_link3
    [sys_desc] => 钱能 教程
    [sys_value] => 
    [action_type] => 3
)
 . IP: 116.50.143.83
ALERT - 2023-08-17 15:04:11 --> SysConfig/save_data edit. user: admintest01 data: $_POST: Array
(
    [name] => pr1_link4
    [sys_desc] => 购宝 教程
    [sys_value] => 
    [action_type] => 4
)
 . IP: 116.50.143.83
ALERT - 2023-08-17 15:04:27 --> SysConfig/save_data edit. user: admintest01 data: $_POST: Array
(
    [name] => pr1_link5
    [sys_desc] => TOPAY 教程
    [sys_value] => 
    [action_type] => 5
)
 . IP: 116.50.143.83
ALERT - 2023-08-17 15:04:34 --> SysConfig/save_data edit. user: admintest01 data: $_POST: Array
(
    [name] => pr1_link6
    [sys_desc] => CGPAY 教程
    [sys_value] => 
    [action_type] => 6
)
 . IP: 116.50.143.83
ALERT - 2023-08-17 15:04:42 --> SysConfig/save_data edit. user: admintest01 data: $_POST: Array
(
    [name] => pr1_link7
    [sys_desc] => GOPAY 教程
    [sys_value] => 
    [action_type] => 7
)
 . IP: 116.50.143.83
ALERT - 2023-08-17 15:04:49 --> SysConfig/save_data edit. user: admintest01 data: $_POST: Array
(
    [name] => pr1_link8
    [sys_desc] => OKPAY 教程
    [sys_value] => 
    [action_type] => 8
)
 . IP: 116.50.143.83
ALERT - 2023-08-17 15:04:56 --> SysConfig/save_data edit. user: admintest01 data: $_POST: Array
(
    [name] => pr1_link9
    [sys_desc] => k豆 教程
    [sys_value] => 
    [action_type] => 9
)
 . IP: 116.50.143.83
ALERT - 2023-08-17 15:05:05 --> SysConfig/save_data edit. user: admintest01 data: $_POST: Array
(
    [name] => pr1_link10
    [sys_desc] => 988PAY 教程
    [sys_value] => 
    [action_type] => 10
)
 . IP: 116.50.143.83
ALERT - 2023-08-17 15:08:24 --> SysConfig/delete_data . user: admintest01 data: $_POST: Array
(
    [id] => 15
    [name] => pr1-link13
)
 . IP: 116.50.143.83
ALERT - 2023-08-17 15:19:56 --> SysConfig/save_data edit. user: admintest01 data: $_POST: Array
(
    [name] => pr1_link1
    [sys_desc] => NO 教程
    [sys_value] => https://google.com
    [action_type] => 1
    [photo] => undefined
)
 . IP: 116.50.143.83
ALERT - 2023-08-17 15:21:03 --> SysConfig/save_data edit. user: admintest01 data: $_POST: Array
(
    [name] => pr1_link1
    [sys_desc] => NO 教程
    [sys_value] => 
    [action_type] => 1
)
 . IP: 116.50.143.83
