ALERT - 2023-08-18 12:25:17 --> login success: admintest01. IP: 116.50.143.83
ERROR - 2023-08-18 13:41:03 --> Error connecting to the database: mysqli_sql_exception: No such file or directory in /data/www/1697622_com/system/Database/MySQLi/Connection.php:174
Stack trace:
#0 /data/www/1697622_com/system/Database/MySQLi/Connection.php(174): mysqli->real_connect()
#1 /data/www/1697622_com/system/Database/BaseConnection.php(391): CodeIgniter\Database\MySQLi\Connection->connect()
#2 /data/www/1697622_com/system/Database/BaseConnection.php(573): CodeIgniter\Database\BaseConnection->initialize()
#3 /data/www/1697622_com/system/Database/BaseBuilder.php(1602): CodeIgniter\Database\BaseConnection->query()
#4 /data/www/1697622_com/system/Model.php(240): CodeIgniter\Database\BaseBuilder->get()
#5 /data/www/1697622_com/system/BaseModel.php(618): CodeIgniter\Model->doFindAll()
#6 /data/www/1697622_com/app/Models/SysConfigModel.php(224): CodeIgniter\BaseModel->findAll()
#7 /data/www/1697622_com/app/Controllers/PublicApi/GetSysConfig.php(25): App\Models\SysConfigModel->get_data_params_like()
#8 /data/www/1697622_com/system/CodeIgniter.php(934): App\Controllers\PublicApi\GetSysConfig->index()
#9 /data/www/1697622_com/system/CodeIgniter.php(499): CodeIgniter\CodeIgniter->runController()
#10 /data/www/1697622_com/system/CodeIgniter.php(368): CodeIgniter\CodeIgniter->handleRequest()
#11 /data/www/1697622_com/public/index.php(67): CodeIgniter\CodeIgniter->run()
#12 {main}

Next CodeIgniter\Database\Exceptions\DatabaseException: No such file or directory in /data/www/1697622_com/system/Database/MySQLi/Connection.php:218
Stack trace:
#0 /data/www/1697622_com/system/Database/BaseConnection.php(391): CodeIgniter\Database\MySQLi\Connection->connect()
#1 /data/www/1697622_com/system/Database/BaseConnection.php(573): CodeIgniter\Database\BaseConnection->initialize()
#2 /data/www/1697622_com/system/Database/BaseBuilder.php(1602): CodeIgniter\Database\BaseConnection->query()
#3 /data/www/1697622_com/system/Model.php(240): CodeIgniter\Database\BaseBuilder->get()
#4 /data/www/1697622_com/system/BaseModel.php(618): CodeIgniter\Model->doFindAll()
#5 /data/www/1697622_com/app/Models/SysConfigModel.php(224): CodeIgniter\BaseModel->findAll()
#6 /data/www/1697622_com/app/Controllers/PublicApi/GetSysConfig.php(25): App\Models\SysConfigModel->get_data_params_like()
#7 /data/www/1697622_com/system/CodeIgniter.php(934): App\Controllers\PublicApi\GetSysConfig->index()
#8 /data/www/1697622_com/system/CodeIgniter.php(499): CodeIgniter\CodeIgniter->runController()
#9 /data/www/1697622_com/system/CodeIgniter.php(368): CodeIgniter\CodeIgniter->handleRequest()
#10 /data/www/1697622_com/public/index.php(67): CodeIgniter\CodeIgniter->run()
#11 {main}
CRITICAL - 2023-08-18 13:41:03 --> Unable to connect to the database.
Main connection [MySQLi]: No such file or directory
in SYSTEMPATH/Database/BaseConnection.php on line 427.
 1 SYSTEMPATH/Database/BaseConnection.php(573): CodeIgniter\Database\BaseConnection->initialize()
 2 SYSTEMPATH/Database/BaseBuilder.php(1602): CodeIgniter\Database\BaseConnection->query()
 3 SYSTEMPATH/Model.php(240): CodeIgniter\Database\BaseBuilder->get()
 4 SYSTEMPATH/BaseModel.php(618): CodeIgniter\Model->doFindAll()
 5 APPPATH/Models/SysConfigModel.php(224): CodeIgniter\BaseModel->findAll()
 6 APPPATH/Controllers/PublicApi/GetSysConfig.php(25): App\Models\SysConfigModel->get_data_params_like()
 7 SYSTEMPATH/CodeIgniter.php(934): App\Controllers\PublicApi\GetSysConfig->index()
 8 SYSTEMPATH/CodeIgniter.php(499): CodeIgniter\CodeIgniter->runController()
 9 SYSTEMPATH/CodeIgniter.php(368): CodeIgniter\CodeIgniter->handleRequest()
10 FCPATH/index.php(67): CodeIgniter\CodeIgniter->run()
ERROR - 2023-08-18 13:42:32 --> Error connecting to the database: mysqli_sql_exception: No such file or directory in /data/www/1697622_com/system/Database/MySQLi/Connection.php:174
Stack trace:
#0 /data/www/1697622_com/system/Database/MySQLi/Connection.php(174): mysqli->real_connect()
#1 /data/www/1697622_com/system/Database/BaseConnection.php(391): CodeIgniter\Database\MySQLi\Connection->connect()
#2 /data/www/1697622_com/system/Database/BaseConnection.php(573): CodeIgniter\Database\BaseConnection->initialize()
#3 /data/www/1697622_com/system/Database/BaseBuilder.php(1602): CodeIgniter\Database\BaseConnection->query()
#4 /data/www/1697622_com/system/Model.php(240): CodeIgniter\Database\BaseBuilder->get()
#5 /data/www/1697622_com/system/BaseModel.php(618): CodeIgniter\Model->doFindAll()
#6 /data/www/1697622_com/app/Models/SysConfigModel.php(224): CodeIgniter\BaseModel->findAll()
#7 /data/www/1697622_com/app/Controllers/PublicApi/GetSysConfig.php(25): App\Models\SysConfigModel->get_data_params_like()
#8 /data/www/1697622_com/system/CodeIgniter.php(934): App\Controllers\PublicApi\GetSysConfig->index()
#9 /data/www/1697622_com/system/CodeIgniter.php(499): CodeIgniter\CodeIgniter->runController()
#10 /data/www/1697622_com/system/CodeIgniter.php(368): CodeIgniter\CodeIgniter->handleRequest()
#11 /data/www/1697622_com/public/index.php(67): CodeIgniter\CodeIgniter->run()
#12 {main}

Next CodeIgniter\Database\Exceptions\DatabaseException: No such file or directory in /data/www/1697622_com/system/Database/MySQLi/Connection.php:218
Stack trace:
#0 /data/www/1697622_com/system/Database/BaseConnection.php(391): CodeIgniter\Database\MySQLi\Connection->connect()
#1 /data/www/1697622_com/system/Database/BaseConnection.php(573): CodeIgniter\Database\BaseConnection->initialize()
#2 /data/www/1697622_com/system/Database/BaseBuilder.php(1602): CodeIgniter\Database\BaseConnection->query()
#3 /data/www/1697622_com/system/Model.php(240): CodeIgniter\Database\BaseBuilder->get()
#4 /data/www/1697622_com/system/BaseModel.php(618): CodeIgniter\Model->doFindAll()
#5 /data/www/1697622_com/app/Models/SysConfigModel.php(224): CodeIgniter\BaseModel->findAll()
#6 /data/www/1697622_com/app/Controllers/PublicApi/GetSysConfig.php(25): App\Models\SysConfigModel->get_data_params_like()
#7 /data/www/1697622_com/system/CodeIgniter.php(934): App\Controllers\PublicApi\GetSysConfig->index()
#8 /data/www/1697622_com/system/CodeIgniter.php(499): CodeIgniter\CodeIgniter->runController()
#9 /data/www/1697622_com/system/CodeIgniter.php(368): CodeIgniter\CodeIgniter->handleRequest()
#10 /data/www/1697622_com/public/index.php(67): CodeIgniter\CodeIgniter->run()
#11 {main}
CRITICAL - 2023-08-18 13:42:32 --> Unable to connect to the database.
Main connection [MySQLi]: No such file or directory
in SYSTEMPATH/Database/BaseConnection.php on line 427.
 1 SYSTEMPATH/Database/BaseConnection.php(573): CodeIgniter\Database\BaseConnection->initialize()
 2 SYSTEMPATH/Database/BaseBuilder.php(1602): CodeIgniter\Database\BaseConnection->query()
 3 SYSTEMPATH/Model.php(240): CodeIgniter\Database\BaseBuilder->get()
 4 SYSTEMPATH/BaseModel.php(618): CodeIgniter\Model->doFindAll()
 5 APPPATH/Models/SysConfigModel.php(224): CodeIgniter\BaseModel->findAll()
 6 APPPATH/Controllers/PublicApi/GetSysConfig.php(25): App\Models\SysConfigModel->get_data_params_like()
 7 SYSTEMPATH/CodeIgniter.php(934): App\Controllers\PublicApi\GetSysConfig->index()
 8 SYSTEMPATH/CodeIgniter.php(499): CodeIgniter\CodeIgniter->runController()
 9 SYSTEMPATH/CodeIgniter.php(368): CodeIgniter\CodeIgniter->handleRequest()
10 FCPATH/index.php(67): CodeIgniter\CodeIgniter->run()
ERROR - 2023-08-18 13:42:50 --> Error connecting to the database: mysqli_sql_exception: No such file or directory in /data/www/1697622_com/system/Database/MySQLi/Connection.php:174
Stack trace:
#0 /data/www/1697622_com/system/Database/MySQLi/Connection.php(174): mysqli->real_connect()
#1 /data/www/1697622_com/system/Database/BaseConnection.php(391): CodeIgniter\Database\MySQLi\Connection->connect()
#2 /data/www/1697622_com/system/Database/BaseConnection.php(573): CodeIgniter\Database\BaseConnection->initialize()
#3 /data/www/1697622_com/system/Database/BaseBuilder.php(1602): CodeIgniter\Database\BaseConnection->query()
#4 /data/www/1697622_com/system/Model.php(240): CodeIgniter\Database\BaseBuilder->get()
#5 /data/www/1697622_com/system/BaseModel.php(618): CodeIgniter\Model->doFindAll()
#6 /data/www/1697622_com/app/Models/SysConfigModel.php(224): CodeIgniter\BaseModel->findAll()
#7 /data/www/1697622_com/app/Controllers/PublicApi/GetSysConfig.php(25): App\Models\SysConfigModel->get_data_params_like()
#8 /data/www/1697622_com/system/CodeIgniter.php(934): App\Controllers\PublicApi\GetSysConfig->index()
#9 /data/www/1697622_com/system/CodeIgniter.php(499): CodeIgniter\CodeIgniter->runController()
#10 /data/www/1697622_com/system/CodeIgniter.php(368): CodeIgniter\CodeIgniter->handleRequest()
#11 /data/www/1697622_com/public/index.php(67): CodeIgniter\CodeIgniter->run()
#12 {main}

Next CodeIgniter\Database\Exceptions\DatabaseException: No such file or directory in /data/www/1697622_com/system/Database/MySQLi/Connection.php:218
Stack trace:
#0 /data/www/1697622_com/system/Database/BaseConnection.php(391): CodeIgniter\Database\MySQLi\Connection->connect()
#1 /data/www/1697622_com/system/Database/BaseConnection.php(573): CodeIgniter\Database\BaseConnection->initialize()
#2 /data/www/1697622_com/system/Database/BaseBuilder.php(1602): CodeIgniter\Database\BaseConnection->query()
#3 /data/www/1697622_com/system/Model.php(240): CodeIgniter\Database\BaseBuilder->get()
#4 /data/www/1697622_com/system/BaseModel.php(618): CodeIgniter\Model->doFindAll()
#5 /data/www/1697622_com/app/Models/SysConfigModel.php(224): CodeIgniter\BaseModel->findAll()
#6 /data/www/1697622_com/app/Controllers/PublicApi/GetSysConfig.php(25): App\Models\SysConfigModel->get_data_params_like()
#7 /data/www/1697622_com/system/CodeIgniter.php(934): App\Controllers\PublicApi\GetSysConfig->index()
#8 /data/www/1697622_com/system/CodeIgniter.php(499): CodeIgniter\CodeIgniter->runController()
#9 /data/www/1697622_com/system/CodeIgniter.php(368): CodeIgniter\CodeIgniter->handleRequest()
#10 /data/www/1697622_com/public/index.php(67): CodeIgniter\CodeIgniter->run()
#11 {main}
CRITICAL - 2023-08-18 13:42:50 --> Unable to connect to the database.
Main connection [MySQLi]: No such file or directory
in SYSTEMPATH/Database/BaseConnection.php on line 427.
 1 SYSTEMPATH/Database/BaseConnection.php(573): CodeIgniter\Database\BaseConnection->initialize()
 2 SYSTEMPATH/Database/BaseBuilder.php(1602): CodeIgniter\Database\BaseConnection->query()
 3 SYSTEMPATH/Model.php(240): CodeIgniter\Database\BaseBuilder->get()
 4 SYSTEMPATH/BaseModel.php(618): CodeIgniter\Model->doFindAll()
 5 APPPATH/Models/SysConfigModel.php(224): CodeIgniter\BaseModel->findAll()
 6 APPPATH/Controllers/PublicApi/GetSysConfig.php(25): App\Models\SysConfigModel->get_data_params_like()
 7 SYSTEMPATH/CodeIgniter.php(934): App\Controllers\PublicApi\GetSysConfig->index()
 8 SYSTEMPATH/CodeIgniter.php(499): CodeIgniter\CodeIgniter->runController()
 9 SYSTEMPATH/CodeIgniter.php(368): CodeIgniter\CodeIgniter->handleRequest()
10 FCPATH/index.php(67): CodeIgniter\CodeIgniter->run()
ERROR - 2023-08-18 13:46:04 --> Error connecting to the database: mysqli_sql_exception: No such file or directory in /data/www/1697622_com/system/Database/MySQLi/Connection.php:174
Stack trace:
#0 /data/www/1697622_com/system/Database/MySQLi/Connection.php(174): mysqli->real_connect()
#1 /data/www/1697622_com/system/Database/BaseConnection.php(391): CodeIgniter\Database\MySQLi\Connection->connect()
#2 /data/www/1697622_com/system/Database/BaseConnection.php(573): CodeIgniter\Database\BaseConnection->initialize()
#3 /data/www/1697622_com/system/Database/BaseBuilder.php(1602): CodeIgniter\Database\BaseConnection->query()
#4 /data/www/1697622_com/system/Model.php(240): CodeIgniter\Database\BaseBuilder->get()
#5 /data/www/1697622_com/system/BaseModel.php(618): CodeIgniter\Model->doFindAll()
#6 /data/www/1697622_com/app/Models/SysConfigModel.php(224): CodeIgniter\BaseModel->findAll()
#7 /data/www/1697622_com/app/Controllers/PublicApi/GetSysConfig.php(25): App\Models\SysConfigModel->get_data_params_like()
#8 /data/www/1697622_com/system/CodeIgniter.php(934): App\Controllers\PublicApi\GetSysConfig->index()
#9 /data/www/1697622_com/system/CodeIgniter.php(499): CodeIgniter\CodeIgniter->runController()
#10 /data/www/1697622_com/system/CodeIgniter.php(368): CodeIgniter\CodeIgniter->handleRequest()
#11 /data/www/1697622_com/public/index.php(67): CodeIgniter\CodeIgniter->run()
#12 {main}

Next CodeIgniter\Database\Exceptions\DatabaseException: No such file or directory in /data/www/1697622_com/system/Database/MySQLi/Connection.php:218
Stack trace:
#0 /data/www/1697622_com/system/Database/BaseConnection.php(391): CodeIgniter\Database\MySQLi\Connection->connect()
#1 /data/www/1697622_com/system/Database/BaseConnection.php(573): CodeIgniter\Database\BaseConnection->initialize()
#2 /data/www/1697622_com/system/Database/BaseBuilder.php(1602): CodeIgniter\Database\BaseConnection->query()
#3 /data/www/1697622_com/system/Model.php(240): CodeIgniter\Database\BaseBuilder->get()
#4 /data/www/1697622_com/system/BaseModel.php(618): CodeIgniter\Model->doFindAll()
#5 /data/www/1697622_com/app/Models/SysConfigModel.php(224): CodeIgniter\BaseModel->findAll()
#6 /data/www/1697622_com/app/Controllers/PublicApi/GetSysConfig.php(25): App\Models\SysConfigModel->get_data_params_like()
#7 /data/www/1697622_com/system/CodeIgniter.php(934): App\Controllers\PublicApi\GetSysConfig->index()
#8 /data/www/1697622_com/system/CodeIgniter.php(499): CodeIgniter\CodeIgniter->runController()
#9 /data/www/1697622_com/system/CodeIgniter.php(368): CodeIgniter\CodeIgniter->handleRequest()
#10 /data/www/1697622_com/public/index.php(67): CodeIgniter\CodeIgniter->run()
#11 {main}
CRITICAL - 2023-08-18 13:46:04 --> Unable to connect to the database.
Main connection [MySQLi]: No such file or directory
in SYSTEMPATH/Database/BaseConnection.php on line 427.
 1 SYSTEMPATH/Database/BaseConnection.php(573): CodeIgniter\Database\BaseConnection->initialize()
 2 SYSTEMPATH/Database/BaseBuilder.php(1602): CodeIgniter\Database\BaseConnection->query()
 3 SYSTEMPATH/Model.php(240): CodeIgniter\Database\BaseBuilder->get()
 4 SYSTEMPATH/BaseModel.php(618): CodeIgniter\Model->doFindAll()
 5 APPPATH/Models/SysConfigModel.php(224): CodeIgniter\BaseModel->findAll()
 6 APPPATH/Controllers/PublicApi/GetSysConfig.php(25): App\Models\SysConfigModel->get_data_params_like()
 7 SYSTEMPATH/CodeIgniter.php(934): App\Controllers\PublicApi\GetSysConfig->index()
 8 SYSTEMPATH/CodeIgniter.php(499): CodeIgniter\CodeIgniter->runController()
 9 SYSTEMPATH/CodeIgniter.php(368): CodeIgniter\CodeIgniter->handleRequest()
10 FCPATH/index.php(67): CodeIgniter\CodeIgniter->run()
ERROR - 2023-08-18 13:46:33 --> Error connecting to the database: mysqli_sql_exception: No such file or directory in /data/www/1697622_com/system/Database/MySQLi/Connection.php:174
Stack trace:
#0 /data/www/1697622_com/system/Database/MySQLi/Connection.php(174): mysqli->real_connect()
#1 /data/www/1697622_com/system/Database/BaseConnection.php(391): CodeIgniter\Database\MySQLi\Connection->connect()
#2 /data/www/1697622_com/system/Database/BaseConnection.php(573): CodeIgniter\Database\BaseConnection->initialize()
#3 /data/www/1697622_com/system/Database/BaseBuilder.php(1602): CodeIgniter\Database\BaseConnection->query()
#4 /data/www/1697622_com/system/Model.php(240): CodeIgniter\Database\BaseBuilder->get()
#5 /data/www/1697622_com/system/BaseModel.php(618): CodeIgniter\Model->doFindAll()
#6 /data/www/1697622_com/app/Models/SysConfigModel.php(224): CodeIgniter\BaseModel->findAll()
#7 /data/www/1697622_com/app/Controllers/PublicApi/GetSysConfig.php(25): App\Models\SysConfigModel->get_data_params_like()
#8 /data/www/1697622_com/system/CodeIgniter.php(934): App\Controllers\PublicApi\GetSysConfig->index()
#9 /data/www/1697622_com/system/CodeIgniter.php(499): CodeIgniter\CodeIgniter->runController()
#10 /data/www/1697622_com/system/CodeIgniter.php(368): CodeIgniter\CodeIgniter->handleRequest()
#11 /data/www/1697622_com/public/index.php(67): CodeIgniter\CodeIgniter->run()
#12 {main}

Next CodeIgniter\Database\Exceptions\DatabaseException: No such file or directory in /data/www/1697622_com/system/Database/MySQLi/Connection.php:218
Stack trace:
#0 /data/www/1697622_com/system/Database/BaseConnection.php(391): CodeIgniter\Database\MySQLi\Connection->connect()
#1 /data/www/1697622_com/system/Database/BaseConnection.php(573): CodeIgniter\Database\BaseConnection->initialize()
#2 /data/www/1697622_com/system/Database/BaseBuilder.php(1602): CodeIgniter\Database\BaseConnection->query()
#3 /data/www/1697622_com/system/Model.php(240): CodeIgniter\Database\BaseBuilder->get()
#4 /data/www/1697622_com/system/BaseModel.php(618): CodeIgniter\Model->doFindAll()
#5 /data/www/1697622_com/app/Models/SysConfigModel.php(224): CodeIgniter\BaseModel->findAll()
#6 /data/www/1697622_com/app/Controllers/PublicApi/GetSysConfig.php(25): App\Models\SysConfigModel->get_data_params_like()
#7 /data/www/1697622_com/system/CodeIgniter.php(934): App\Controllers\PublicApi\GetSysConfig->index()
#8 /data/www/1697622_com/system/CodeIgniter.php(499): CodeIgniter\CodeIgniter->runController()
#9 /data/www/1697622_com/system/CodeIgniter.php(368): CodeIgniter\CodeIgniter->handleRequest()
#10 /data/www/1697622_com/public/index.php(67): CodeIgniter\CodeIgniter->run()
#11 {main}
CRITICAL - 2023-08-18 13:46:33 --> Unable to connect to the database.
Main connection [MySQLi]: No such file or directory
in SYSTEMPATH/Database/BaseConnection.php on line 427.
 1 SYSTEMPATH/Database/BaseConnection.php(573): CodeIgniter\Database\BaseConnection->initialize()
 2 SYSTEMPATH/Database/BaseBuilder.php(1602): CodeIgniter\Database\BaseConnection->query()
 3 SYSTEMPATH/Model.php(240): CodeIgniter\Database\BaseBuilder->get()
 4 SYSTEMPATH/BaseModel.php(618): CodeIgniter\Model->doFindAll()
 5 APPPATH/Models/SysConfigModel.php(224): CodeIgniter\BaseModel->findAll()
 6 APPPATH/Controllers/PublicApi/GetSysConfig.php(25): App\Models\SysConfigModel->get_data_params_like()
 7 SYSTEMPATH/CodeIgniter.php(934): App\Controllers\PublicApi\GetSysConfig->index()
 8 SYSTEMPATH/CodeIgniter.php(499): CodeIgniter\CodeIgniter->runController()
 9 SYSTEMPATH/CodeIgniter.php(368): CodeIgniter\CodeIgniter->handleRequest()
10 FCPATH/index.php(67): CodeIgniter\CodeIgniter->run()
ERROR - 2023-08-18 13:46:35 --> Error connecting to the database: mysqli_sql_exception: No such file or directory in /data/www/1697622_com/system/Database/MySQLi/Connection.php:174
Stack trace:
#0 /data/www/1697622_com/system/Database/MySQLi/Connection.php(174): mysqli->real_connect()
#1 /data/www/1697622_com/system/Database/BaseConnection.php(391): CodeIgniter\Database\MySQLi\Connection->connect()
#2 /data/www/1697622_com/system/Database/BaseConnection.php(573): CodeIgniter\Database\BaseConnection->initialize()
#3 /data/www/1697622_com/system/Database/BaseBuilder.php(1602): CodeIgniter\Database\BaseConnection->query()
#4 /data/www/1697622_com/system/Model.php(240): CodeIgniter\Database\BaseBuilder->get()
#5 /data/www/1697622_com/system/BaseModel.php(618): CodeIgniter\Model->doFindAll()
#6 /data/www/1697622_com/app/Models/SysConfigModel.php(224): CodeIgniter\BaseModel->findAll()
#7 /data/www/1697622_com/app/Controllers/PublicApi/GetSysConfig.php(25): App\Models\SysConfigModel->get_data_params_like()
#8 /data/www/1697622_com/system/CodeIgniter.php(934): App\Controllers\PublicApi\GetSysConfig->index()
#9 /data/www/1697622_com/system/CodeIgniter.php(499): CodeIgniter\CodeIgniter->runController()
#10 /data/www/1697622_com/system/CodeIgniter.php(368): CodeIgniter\CodeIgniter->handleRequest()
#11 /data/www/1697622_com/public/index.php(67): CodeIgniter\CodeIgniter->run()
#12 {main}

Next CodeIgniter\Database\Exceptions\DatabaseException: No such file or directory in /data/www/1697622_com/system/Database/MySQLi/Connection.php:218
Stack trace:
#0 /data/www/1697622_com/system/Database/BaseConnection.php(391): CodeIgniter\Database\MySQLi\Connection->connect()
#1 /data/www/1697622_com/system/Database/BaseConnection.php(573): CodeIgniter\Database\BaseConnection->initialize()
#2 /data/www/1697622_com/system/Database/BaseBuilder.php(1602): CodeIgniter\Database\BaseConnection->query()
#3 /data/www/1697622_com/system/Model.php(240): CodeIgniter\Database\BaseBuilder->get()
#4 /data/www/1697622_com/system/BaseModel.php(618): CodeIgniter\Model->doFindAll()
#5 /data/www/1697622_com/app/Models/SysConfigModel.php(224): CodeIgniter\BaseModel->findAll()
#6 /data/www/1697622_com/app/Controllers/PublicApi/GetSysConfig.php(25): App\Models\SysConfigModel->get_data_params_like()
#7 /data/www/1697622_com/system/CodeIgniter.php(934): App\Controllers\PublicApi\GetSysConfig->index()
#8 /data/www/1697622_com/system/CodeIgniter.php(499): CodeIgniter\CodeIgniter->runController()
#9 /data/www/1697622_com/system/CodeIgniter.php(368): CodeIgniter\CodeIgniter->handleRequest()
#10 /data/www/1697622_com/public/index.php(67): CodeIgniter\CodeIgniter->run()
#11 {main}
CRITICAL - 2023-08-18 13:46:35 --> Unable to connect to the database.
Main connection [MySQLi]: No such file or directory
in SYSTEMPATH/Database/BaseConnection.php on line 427.
 1 SYSTEMPATH/Database/BaseConnection.php(573): CodeIgniter\Database\BaseConnection->initialize()
 2 SYSTEMPATH/Database/BaseBuilder.php(1602): CodeIgniter\Database\BaseConnection->query()
 3 SYSTEMPATH/Model.php(240): CodeIgniter\Database\BaseBuilder->get()
 4 SYSTEMPATH/BaseModel.php(618): CodeIgniter\Model->doFindAll()
 5 APPPATH/Models/SysConfigModel.php(224): CodeIgniter\BaseModel->findAll()
 6 APPPATH/Controllers/PublicApi/GetSysConfig.php(25): App\Models\SysConfigModel->get_data_params_like()
 7 SYSTEMPATH/CodeIgniter.php(934): App\Controllers\PublicApi\GetSysConfig->index()
 8 SYSTEMPATH/CodeIgniter.php(499): CodeIgniter\CodeIgniter->runController()
 9 SYSTEMPATH/CodeIgniter.php(368): CodeIgniter\CodeIgniter->handleRequest()
10 FCPATH/index.php(67): CodeIgniter\CodeIgniter->run()
ERROR - 2023-08-18 13:47:27 --> Error connecting to the database: mysqli_sql_exception: No such file or directory in /data/www/1697622_com/system/Database/MySQLi/Connection.php:174
Stack trace:
#0 /data/www/1697622_com/system/Database/MySQLi/Connection.php(174): mysqli->real_connect()
#1 /data/www/1697622_com/system/Database/BaseConnection.php(391): CodeIgniter\Database\MySQLi\Connection->connect()
#2 /data/www/1697622_com/system/Database/BaseConnection.php(573): CodeIgniter\Database\BaseConnection->initialize()
#3 /data/www/1697622_com/system/Database/BaseBuilder.php(1602): CodeIgniter\Database\BaseConnection->query()
#4 /data/www/1697622_com/system/Model.php(240): CodeIgniter\Database\BaseBuilder->get()
#5 /data/www/1697622_com/system/BaseModel.php(618): CodeIgniter\Model->doFindAll()
#6 /data/www/1697622_com/app/Models/SysConfigModel.php(224): CodeIgniter\BaseModel->findAll()
#7 /data/www/1697622_com/app/Controllers/PublicApi/GetSysConfig.php(25): App\Models\SysConfigModel->get_data_params_like()
#8 /data/www/1697622_com/system/CodeIgniter.php(934): App\Controllers\PublicApi\GetSysConfig->index()
#9 /data/www/1697622_com/system/CodeIgniter.php(499): CodeIgniter\CodeIgniter->runController()
#10 /data/www/1697622_com/system/CodeIgniter.php(368): CodeIgniter\CodeIgniter->handleRequest()
#11 /data/www/1697622_com/public/index.php(67): CodeIgniter\CodeIgniter->run()
#12 {main}

Next CodeIgniter\Database\Exceptions\DatabaseException: No such file or directory in /data/www/1697622_com/system/Database/MySQLi/Connection.php:218
Stack trace:
#0 /data/www/1697622_com/system/Database/BaseConnection.php(391): CodeIgniter\Database\MySQLi\Connection->connect()
#1 /data/www/1697622_com/system/Database/BaseConnection.php(573): CodeIgniter\Database\BaseConnection->initialize()
#2 /data/www/1697622_com/system/Database/BaseBuilder.php(1602): CodeIgniter\Database\BaseConnection->query()
#3 /data/www/1697622_com/system/Model.php(240): CodeIgniter\Database\BaseBuilder->get()
#4 /data/www/1697622_com/system/BaseModel.php(618): CodeIgniter\Model->doFindAll()
#5 /data/www/1697622_com/app/Models/SysConfigModel.php(224): CodeIgniter\BaseModel->findAll()
#6 /data/www/1697622_com/app/Controllers/PublicApi/GetSysConfig.php(25): App\Models\SysConfigModel->get_data_params_like()
#7 /data/www/1697622_com/system/CodeIgniter.php(934): App\Controllers\PublicApi\GetSysConfig->index()
#8 /data/www/1697622_com/system/CodeIgniter.php(499): CodeIgniter\CodeIgniter->runController()
#9 /data/www/1697622_com/system/CodeIgniter.php(368): CodeIgniter\CodeIgniter->handleRequest()
#10 /data/www/1697622_com/public/index.php(67): CodeIgniter\CodeIgniter->run()
#11 {main}
CRITICAL - 2023-08-18 13:47:27 --> Unable to connect to the database.
Main connection [MySQLi]: No such file or directory
in SYSTEMPATH/Database/BaseConnection.php on line 427.
 1 SYSTEMPATH/Database/BaseConnection.php(573): CodeIgniter\Database\BaseConnection->initialize()
 2 SYSTEMPATH/Database/BaseBuilder.php(1602): CodeIgniter\Database\BaseConnection->query()
 3 SYSTEMPATH/Model.php(240): CodeIgniter\Database\BaseBuilder->get()
 4 SYSTEMPATH/BaseModel.php(618): CodeIgniter\Model->doFindAll()
 5 APPPATH/Models/SysConfigModel.php(224): CodeIgniter\BaseModel->findAll()
 6 APPPATH/Controllers/PublicApi/GetSysConfig.php(25): App\Models\SysConfigModel->get_data_params_like()
 7 SYSTEMPATH/CodeIgniter.php(934): App\Controllers\PublicApi\GetSysConfig->index()
 8 SYSTEMPATH/CodeIgniter.php(499): CodeIgniter\CodeIgniter->runController()
 9 SYSTEMPATH/CodeIgniter.php(368): CodeIgniter\CodeIgniter->handleRequest()
10 FCPATH/index.php(67): CodeIgniter\CodeIgniter->run()
ERROR - 2023-08-18 13:47:45 --> Error connecting to the database: mysqli_sql_exception: No such file or directory in /data/www/1697622_com/system/Database/MySQLi/Connection.php:174
Stack trace:
#0 /data/www/1697622_com/system/Database/MySQLi/Connection.php(174): mysqli->real_connect()
#1 /data/www/1697622_com/system/Database/BaseConnection.php(391): CodeIgniter\Database\MySQLi\Connection->connect()
#2 /data/www/1697622_com/system/Database/BaseConnection.php(573): CodeIgniter\Database\BaseConnection->initialize()
#3 /data/www/1697622_com/system/Database/BaseBuilder.php(1602): CodeIgniter\Database\BaseConnection->query()
#4 /data/www/1697622_com/system/Model.php(240): CodeIgniter\Database\BaseBuilder->get()
#5 /data/www/1697622_com/system/BaseModel.php(618): CodeIgniter\Model->doFindAll()
#6 /data/www/1697622_com/app/Models/SysConfigModel.php(224): CodeIgniter\BaseModel->findAll()
#7 /data/www/1697622_com/app/Controllers/PublicApi/GetSysConfig.php(25): App\Models\SysConfigModel->get_data_params_like()
#8 /data/www/1697622_com/system/CodeIgniter.php(934): App\Controllers\PublicApi\GetSysConfig->index()
#9 /data/www/1697622_com/system/CodeIgniter.php(499): CodeIgniter\CodeIgniter->runController()
#10 /data/www/1697622_com/system/CodeIgniter.php(368): CodeIgniter\CodeIgniter->handleRequest()
#11 /data/www/1697622_com/public/index.php(67): CodeIgniter\CodeIgniter->run()
#12 {main}

Next CodeIgniter\Database\Exceptions\DatabaseException: No such file or directory in /data/www/1697622_com/system/Database/MySQLi/Connection.php:218
Stack trace:
#0 /data/www/1697622_com/system/Database/BaseConnection.php(391): CodeIgniter\Database\MySQLi\Connection->connect()
#1 /data/www/1697622_com/system/Database/BaseConnection.php(573): CodeIgniter\Database\BaseConnection->initialize()
#2 /data/www/1697622_com/system/Database/BaseBuilder.php(1602): CodeIgniter\Database\BaseConnection->query()
#3 /data/www/1697622_com/system/Model.php(240): CodeIgniter\Database\BaseBuilder->get()
#4 /data/www/1697622_com/system/BaseModel.php(618): CodeIgniter\Model->doFindAll()
#5 /data/www/1697622_com/app/Models/SysConfigModel.php(224): CodeIgniter\BaseModel->findAll()
#6 /data/www/1697622_com/app/Controllers/PublicApi/GetSysConfig.php(25): App\Models\SysConfigModel->get_data_params_like()
#7 /data/www/1697622_com/system/CodeIgniter.php(934): App\Controllers\PublicApi\GetSysConfig->index()
#8 /data/www/1697622_com/system/CodeIgniter.php(499): CodeIgniter\CodeIgniter->runController()
#9 /data/www/1697622_com/system/CodeIgniter.php(368): CodeIgniter\CodeIgniter->handleRequest()
#10 /data/www/1697622_com/public/index.php(67): CodeIgniter\CodeIgniter->run()
#11 {main}
CRITICAL - 2023-08-18 13:47:45 --> Unable to connect to the database.
Main connection [MySQLi]: No such file or directory
in SYSTEMPATH/Database/BaseConnection.php on line 427.
 1 SYSTEMPATH/Database/BaseConnection.php(573): CodeIgniter\Database\BaseConnection->initialize()
 2 SYSTEMPATH/Database/BaseBuilder.php(1602): CodeIgniter\Database\BaseConnection->query()
 3 SYSTEMPATH/Model.php(240): CodeIgniter\Database\BaseBuilder->get()
 4 SYSTEMPATH/BaseModel.php(618): CodeIgniter\Model->doFindAll()
 5 APPPATH/Models/SysConfigModel.php(224): CodeIgniter\BaseModel->findAll()
 6 APPPATH/Controllers/PublicApi/GetSysConfig.php(25): App\Models\SysConfigModel->get_data_params_like()
 7 SYSTEMPATH/CodeIgniter.php(934): App\Controllers\PublicApi\GetSysConfig->index()
 8 SYSTEMPATH/CodeIgniter.php(499): CodeIgniter\CodeIgniter->runController()
 9 SYSTEMPATH/CodeIgniter.php(368): CodeIgniter\CodeIgniter->handleRequest()
10 FCPATH/index.php(67): CodeIgniter\CodeIgniter->run()
ERROR - 2023-08-18 13:47:50 --> Error connecting to the database: mysqli_sql_exception: No such file or directory in /data/www/1697622_com/system/Database/MySQLi/Connection.php:174
Stack trace:
#0 /data/www/1697622_com/system/Database/MySQLi/Connection.php(174): mysqli->real_connect()
#1 /data/www/1697622_com/system/Database/BaseConnection.php(391): CodeIgniter\Database\MySQLi\Connection->connect()
#2 /data/www/1697622_com/system/Database/BaseConnection.php(573): CodeIgniter\Database\BaseConnection->initialize()
#3 /data/www/1697622_com/system/Database/BaseBuilder.php(1602): CodeIgniter\Database\BaseConnection->query()
#4 /data/www/1697622_com/system/Model.php(240): CodeIgniter\Database\BaseBuilder->get()
#5 /data/www/1697622_com/system/BaseModel.php(618): CodeIgniter\Model->doFindAll()
#6 /data/www/1697622_com/app/Models/SysConfigModel.php(224): CodeIgniter\BaseModel->findAll()
#7 /data/www/1697622_com/app/Controllers/PublicApi/GetSysConfig.php(25): App\Models\SysConfigModel->get_data_params_like()
#8 /data/www/1697622_com/system/CodeIgniter.php(934): App\Controllers\PublicApi\GetSysConfig->index()
#9 /data/www/1697622_com/system/CodeIgniter.php(499): CodeIgniter\CodeIgniter->runController()
#10 /data/www/1697622_com/system/CodeIgniter.php(368): CodeIgniter\CodeIgniter->handleRequest()
#11 /data/www/1697622_com/public/index.php(67): CodeIgniter\CodeIgniter->run()
#12 {main}

Next CodeIgniter\Database\Exceptions\DatabaseException: No such file or directory in /data/www/1697622_com/system/Database/MySQLi/Connection.php:218
Stack trace:
#0 /data/www/1697622_com/system/Database/BaseConnection.php(391): CodeIgniter\Database\MySQLi\Connection->connect()
#1 /data/www/1697622_com/system/Database/BaseConnection.php(573): CodeIgniter\Database\BaseConnection->initialize()
#2 /data/www/1697622_com/system/Database/BaseBuilder.php(1602): CodeIgniter\Database\BaseConnection->query()
#3 /data/www/1697622_com/system/Model.php(240): CodeIgniter\Database\BaseBuilder->get()
#4 /data/www/1697622_com/system/BaseModel.php(618): CodeIgniter\Model->doFindAll()
#5 /data/www/1697622_com/app/Models/SysConfigModel.php(224): CodeIgniter\BaseModel->findAll()
#6 /data/www/1697622_com/app/Controllers/PublicApi/GetSysConfig.php(25): App\Models\SysConfigModel->get_data_params_like()
#7 /data/www/1697622_com/system/CodeIgniter.php(934): App\Controllers\PublicApi\GetSysConfig->index()
#8 /data/www/1697622_com/system/CodeIgniter.php(499): CodeIgniter\CodeIgniter->runController()
#9 /data/www/1697622_com/system/CodeIgniter.php(368): CodeIgniter\CodeIgniter->handleRequest()
#10 /data/www/1697622_com/public/index.php(67): CodeIgniter\CodeIgniter->run()
#11 {main}
CRITICAL - 2023-08-18 13:47:50 --> Unable to connect to the database.
Main connection [MySQLi]: No such file or directory
in SYSTEMPATH/Database/BaseConnection.php on line 427.
 1 SYSTEMPATH/Database/BaseConnection.php(573): CodeIgniter\Database\BaseConnection->initialize()
 2 SYSTEMPATH/Database/BaseBuilder.php(1602): CodeIgniter\Database\BaseConnection->query()
 3 SYSTEMPATH/Model.php(240): CodeIgniter\Database\BaseBuilder->get()
 4 SYSTEMPATH/BaseModel.php(618): CodeIgniter\Model->doFindAll()
 5 APPPATH/Models/SysConfigModel.php(224): CodeIgniter\BaseModel->findAll()
 6 APPPATH/Controllers/PublicApi/GetSysConfig.php(25): App\Models\SysConfigModel->get_data_params_like()
 7 SYSTEMPATH/CodeIgniter.php(934): App\Controllers\PublicApi\GetSysConfig->index()
 8 SYSTEMPATH/CodeIgniter.php(499): CodeIgniter\CodeIgniter->runController()
 9 SYSTEMPATH/CodeIgniter.php(368): CodeIgniter\CodeIgniter->handleRequest()
10 FCPATH/index.php(67): CodeIgniter\CodeIgniter->run()
ERROR - 2023-08-18 13:47:50 --> Error connecting to the database: mysqli_sql_exception: No such file or directory in /data/www/1697622_com/system/Database/MySQLi/Connection.php:174
Stack trace:
#0 /data/www/1697622_com/system/Database/MySQLi/Connection.php(174): mysqli->real_connect()
#1 /data/www/1697622_com/system/Database/BaseConnection.php(391): CodeIgniter\Database\MySQLi\Connection->connect()
#2 /data/www/1697622_com/system/Database/BaseConnection.php(573): CodeIgniter\Database\BaseConnection->initialize()
#3 /data/www/1697622_com/system/Database/BaseBuilder.php(1602): CodeIgniter\Database\BaseConnection->query()
#4 /data/www/1697622_com/system/Model.php(240): CodeIgniter\Database\BaseBuilder->get()
#5 /data/www/1697622_com/system/BaseModel.php(618): CodeIgniter\Model->doFindAll()
#6 /data/www/1697622_com/app/Models/SysConfigModel.php(224): CodeIgniter\BaseModel->findAll()
#7 /data/www/1697622_com/app/Controllers/PublicApi/GetSysConfig.php(25): App\Models\SysConfigModel->get_data_params_like()
#8 /data/www/1697622_com/system/CodeIgniter.php(934): App\Controllers\PublicApi\GetSysConfig->index()
#9 /data/www/1697622_com/system/CodeIgniter.php(499): CodeIgniter\CodeIgniter->runController()
#10 /data/www/1697622_com/system/CodeIgniter.php(368): CodeIgniter\CodeIgniter->handleRequest()
#11 /data/www/1697622_com/public/index.php(67): CodeIgniter\CodeIgniter->run()
#12 {main}

Next CodeIgniter\Database\Exceptions\DatabaseException: No such file or directory in /data/www/1697622_com/system/Database/MySQLi/Connection.php:218
Stack trace:
#0 /data/www/1697622_com/system/Database/BaseConnection.php(391): CodeIgniter\Database\MySQLi\Connection->connect()
#1 /data/www/1697622_com/system/Database/BaseConnection.php(573): CodeIgniter\Database\BaseConnection->initialize()
#2 /data/www/1697622_com/system/Database/BaseBuilder.php(1602): CodeIgniter\Database\BaseConnection->query()
#3 /data/www/1697622_com/system/Model.php(240): CodeIgniter\Database\BaseBuilder->get()
#4 /data/www/1697622_com/system/BaseModel.php(618): CodeIgniter\Model->doFindAll()
#5 /data/www/1697622_com/app/Models/SysConfigModel.php(224): CodeIgniter\BaseModel->findAll()
#6 /data/www/1697622_com/app/Controllers/PublicApi/GetSysConfig.php(25): App\Models\SysConfigModel->get_data_params_like()
#7 /data/www/1697622_com/system/CodeIgniter.php(934): App\Controllers\PublicApi\GetSysConfig->index()
#8 /data/www/1697622_com/system/CodeIgniter.php(499): CodeIgniter\CodeIgniter->runController()
#9 /data/www/1697622_com/system/CodeIgniter.php(368): CodeIgniter\CodeIgniter->handleRequest()
#10 /data/www/1697622_com/public/index.php(67): CodeIgniter\CodeIgniter->run()
#11 {main}
CRITICAL - 2023-08-18 13:47:50 --> Unable to connect to the database.
Main connection [MySQLi]: No such file or directory
in SYSTEMPATH/Database/BaseConnection.php on line 427.
 1 SYSTEMPATH/Database/BaseConnection.php(573): CodeIgniter\Database\BaseConnection->initialize()
 2 SYSTEMPATH/Database/BaseBuilder.php(1602): CodeIgniter\Database\BaseConnection->query()
 3 SYSTEMPATH/Model.php(240): CodeIgniter\Database\BaseBuilder->get()
 4 SYSTEMPATH/BaseModel.php(618): CodeIgniter\Model->doFindAll()
 5 APPPATH/Models/SysConfigModel.php(224): CodeIgniter\BaseModel->findAll()
 6 APPPATH/Controllers/PublicApi/GetSysConfig.php(25): App\Models\SysConfigModel->get_data_params_like()
 7 SYSTEMPATH/CodeIgniter.php(934): App\Controllers\PublicApi\GetSysConfig->index()
 8 SYSTEMPATH/CodeIgniter.php(499): CodeIgniter\CodeIgniter->runController()
 9 SYSTEMPATH/CodeIgniter.php(368): CodeIgniter\CodeIgniter->handleRequest()
10 FCPATH/index.php(67): CodeIgniter\CodeIgniter->run()
ERROR - 2023-08-18 13:48:26 --> Error connecting to the database: mysqli_sql_exception: No such file or directory in /data/www/1697622_com/system/Database/MySQLi/Connection.php:174
Stack trace:
#0 /data/www/1697622_com/system/Database/MySQLi/Connection.php(174): mysqli->real_connect()
#1 /data/www/1697622_com/system/Database/BaseConnection.php(391): CodeIgniter\Database\MySQLi\Connection->connect()
#2 /data/www/1697622_com/system/Database/BaseConnection.php(573): CodeIgniter\Database\BaseConnection->initialize()
#3 /data/www/1697622_com/system/Database/BaseBuilder.php(1602): CodeIgniter\Database\BaseConnection->query()
#4 /data/www/1697622_com/system/Model.php(240): CodeIgniter\Database\BaseBuilder->get()
#5 /data/www/1697622_com/system/BaseModel.php(618): CodeIgniter\Model->doFindAll()
#6 /data/www/1697622_com/app/Models/SysConfigModel.php(224): CodeIgniter\BaseModel->findAll()
#7 /data/www/1697622_com/app/Controllers/PublicApi/GetSysConfig.php(25): App\Models\SysConfigModel->get_data_params_like()
#8 /data/www/1697622_com/system/CodeIgniter.php(934): App\Controllers\PublicApi\GetSysConfig->index()
#9 /data/www/1697622_com/system/CodeIgniter.php(499): CodeIgniter\CodeIgniter->runController()
#10 /data/www/1697622_com/system/CodeIgniter.php(368): CodeIgniter\CodeIgniter->handleRequest()
#11 /data/www/1697622_com/public/index.php(67): CodeIgniter\CodeIgniter->run()
#12 {main}

Next CodeIgniter\Database\Exceptions\DatabaseException: No such file or directory in /data/www/1697622_com/system/Database/MySQLi/Connection.php:218
Stack trace:
#0 /data/www/1697622_com/system/Database/BaseConnection.php(391): CodeIgniter\Database\MySQLi\Connection->connect()
#1 /data/www/1697622_com/system/Database/BaseConnection.php(573): CodeIgniter\Database\BaseConnection->initialize()
#2 /data/www/1697622_com/system/Database/BaseBuilder.php(1602): CodeIgniter\Database\BaseConnection->query()
#3 /data/www/1697622_com/system/Model.php(240): CodeIgniter\Database\BaseBuilder->get()
#4 /data/www/1697622_com/system/BaseModel.php(618): CodeIgniter\Model->doFindAll()
#5 /data/www/1697622_com/app/Models/SysConfigModel.php(224): CodeIgniter\BaseModel->findAll()
#6 /data/www/1697622_com/app/Controllers/PublicApi/GetSysConfig.php(25): App\Models\SysConfigModel->get_data_params_like()
#7 /data/www/1697622_com/system/CodeIgniter.php(934): App\Controllers\PublicApi\GetSysConfig->index()
#8 /data/www/1697622_com/system/CodeIgniter.php(499): CodeIgniter\CodeIgniter->runController()
#9 /data/www/1697622_com/system/CodeIgniter.php(368): CodeIgniter\CodeIgniter->handleRequest()
#10 /data/www/1697622_com/public/index.php(67): CodeIgniter\CodeIgniter->run()
#11 {main}
CRITICAL - 2023-08-18 13:48:26 --> Unable to connect to the database.
Main connection [MySQLi]: No such file or directory
in SYSTEMPATH/Database/BaseConnection.php on line 427.
 1 SYSTEMPATH/Database/BaseConnection.php(573): CodeIgniter\Database\BaseConnection->initialize()
 2 SYSTEMPATH/Database/BaseBuilder.php(1602): CodeIgniter\Database\BaseConnection->query()
 3 SYSTEMPATH/Model.php(240): CodeIgniter\Database\BaseBuilder->get()
 4 SYSTEMPATH/BaseModel.php(618): CodeIgniter\Model->doFindAll()
 5 APPPATH/Models/SysConfigModel.php(224): CodeIgniter\BaseModel->findAll()
 6 APPPATH/Controllers/PublicApi/GetSysConfig.php(25): App\Models\SysConfigModel->get_data_params_like()
 7 SYSTEMPATH/CodeIgniter.php(934): App\Controllers\PublicApi\GetSysConfig->index()
 8 SYSTEMPATH/CodeIgniter.php(499): CodeIgniter\CodeIgniter->runController()
 9 SYSTEMPATH/CodeIgniter.php(368): CodeIgniter\CodeIgniter->handleRequest()
10 FCPATH/index.php(67): CodeIgniter\CodeIgniter->run()
ERROR - 2023-08-18 13:48:48 --> Error connecting to the database: mysqli_sql_exception: No such file or directory in /data/www/1697622_com/system/Database/MySQLi/Connection.php:174
Stack trace:
#0 /data/www/1697622_com/system/Database/MySQLi/Connection.php(174): mysqli->real_connect()
#1 /data/www/1697622_com/system/Database/BaseConnection.php(391): CodeIgniter\Database\MySQLi\Connection->connect()
#2 /data/www/1697622_com/system/Database/BaseConnection.php(573): CodeIgniter\Database\BaseConnection->initialize()
#3 /data/www/1697622_com/system/Database/BaseBuilder.php(1602): CodeIgniter\Database\BaseConnection->query()
#4 /data/www/1697622_com/system/Model.php(240): CodeIgniter\Database\BaseBuilder->get()
#5 /data/www/1697622_com/system/BaseModel.php(618): CodeIgniter\Model->doFindAll()
#6 /data/www/1697622_com/app/Models/SysConfigModel.php(224): CodeIgniter\BaseModel->findAll()
#7 /data/www/1697622_com/app/Controllers/PublicApi/GetSysConfig.php(25): App\Models\SysConfigModel->get_data_params_like()
#8 /data/www/1697622_com/system/CodeIgniter.php(934): App\Controllers\PublicApi\GetSysConfig->index()
#9 /data/www/1697622_com/system/CodeIgniter.php(499): CodeIgniter\CodeIgniter->runController()
#10 /data/www/1697622_com/system/CodeIgniter.php(368): CodeIgniter\CodeIgniter->handleRequest()
#11 /data/www/1697622_com/public/index.php(67): CodeIgniter\CodeIgniter->run()
#12 {main}

Next CodeIgniter\Database\Exceptions\DatabaseException: No such file or directory in /data/www/1697622_com/system/Database/MySQLi/Connection.php:218
Stack trace:
#0 /data/www/1697622_com/system/Database/BaseConnection.php(391): CodeIgniter\Database\MySQLi\Connection->connect()
#1 /data/www/1697622_com/system/Database/BaseConnection.php(573): CodeIgniter\Database\BaseConnection->initialize()
#2 /data/www/1697622_com/system/Database/BaseBuilder.php(1602): CodeIgniter\Database\BaseConnection->query()
#3 /data/www/1697622_com/system/Model.php(240): CodeIgniter\Database\BaseBuilder->get()
#4 /data/www/1697622_com/system/BaseModel.php(618): CodeIgniter\Model->doFindAll()
#5 /data/www/1697622_com/app/Models/SysConfigModel.php(224): CodeIgniter\BaseModel->findAll()
#6 /data/www/1697622_com/app/Controllers/PublicApi/GetSysConfig.php(25): App\Models\SysConfigModel->get_data_params_like()
#7 /data/www/1697622_com/system/CodeIgniter.php(934): App\Controllers\PublicApi\GetSysConfig->index()
#8 /data/www/1697622_com/system/CodeIgniter.php(499): CodeIgniter\CodeIgniter->runController()
#9 /data/www/1697622_com/system/CodeIgniter.php(368): CodeIgniter\CodeIgniter->handleRequest()
#10 /data/www/1697622_com/public/index.php(67): CodeIgniter\CodeIgniter->run()
#11 {main}
CRITICAL - 2023-08-18 13:48:48 --> Unable to connect to the database.
Main connection [MySQLi]: No such file or directory
in SYSTEMPATH/Database/BaseConnection.php on line 427.
 1 SYSTEMPATH/Database/BaseConnection.php(573): CodeIgniter\Database\BaseConnection->initialize()
 2 SYSTEMPATH/Database/BaseBuilder.php(1602): CodeIgniter\Database\BaseConnection->query()
 3 SYSTEMPATH/Model.php(240): CodeIgniter\Database\BaseBuilder->get()
 4 SYSTEMPATH/BaseModel.php(618): CodeIgniter\Model->doFindAll()
 5 APPPATH/Models/SysConfigModel.php(224): CodeIgniter\BaseModel->findAll()
 6 APPPATH/Controllers/PublicApi/GetSysConfig.php(25): App\Models\SysConfigModel->get_data_params_like()
 7 SYSTEMPATH/CodeIgniter.php(934): App\Controllers\PublicApi\GetSysConfig->index()
 8 SYSTEMPATH/CodeIgniter.php(499): CodeIgniter\CodeIgniter->runController()
 9 SYSTEMPATH/CodeIgniter.php(368): CodeIgniter\CodeIgniter->handleRequest()
10 FCPATH/index.php(67): CodeIgniter\CodeIgniter->run()
ERROR - 2023-08-18 13:51:43 --> Error connecting to the database: mysqli_sql_exception: No such file or directory in /data/www/1697622_com/system/Database/MySQLi/Connection.php:174
Stack trace:
#0 /data/www/1697622_com/system/Database/MySQLi/Connection.php(174): mysqli->real_connect()
#1 /data/www/1697622_com/system/Database/BaseConnection.php(391): CodeIgniter\Database\MySQLi\Connection->connect()
#2 /data/www/1697622_com/system/Database/BaseConnection.php(573): CodeIgniter\Database\BaseConnection->initialize()
#3 /data/www/1697622_com/system/Database/BaseBuilder.php(1602): CodeIgniter\Database\BaseConnection->query()
#4 /data/www/1697622_com/system/Model.php(240): CodeIgniter\Database\BaseBuilder->get()
#5 /data/www/1697622_com/system/BaseModel.php(618): CodeIgniter\Model->doFindAll()
#6 /data/www/1697622_com/app/Models/SysConfigModel.php(224): CodeIgniter\BaseModel->findAll()
#7 /data/www/1697622_com/app/Controllers/PublicApi/GetSysConfig.php(25): App\Models\SysConfigModel->get_data_params_like()
#8 /data/www/1697622_com/system/CodeIgniter.php(934): App\Controllers\PublicApi\GetSysConfig->index()
#9 /data/www/1697622_com/system/CodeIgniter.php(499): CodeIgniter\CodeIgniter->runController()
#10 /data/www/1697622_com/system/CodeIgniter.php(368): CodeIgniter\CodeIgniter->handleRequest()
#11 /data/www/1697622_com/public/index.php(67): CodeIgniter\CodeIgniter->run()
#12 {main}

Next CodeIgniter\Database\Exceptions\DatabaseException: No such file or directory in /data/www/1697622_com/system/Database/MySQLi/Connection.php:218
Stack trace:
#0 /data/www/1697622_com/system/Database/BaseConnection.php(391): CodeIgniter\Database\MySQLi\Connection->connect()
#1 /data/www/1697622_com/system/Database/BaseConnection.php(573): CodeIgniter\Database\BaseConnection->initialize()
#2 /data/www/1697622_com/system/Database/BaseBuilder.php(1602): CodeIgniter\Database\BaseConnection->query()
#3 /data/www/1697622_com/system/Model.php(240): CodeIgniter\Database\BaseBuilder->get()
#4 /data/www/1697622_com/system/BaseModel.php(618): CodeIgniter\Model->doFindAll()
#5 /data/www/1697622_com/app/Models/SysConfigModel.php(224): CodeIgniter\BaseModel->findAll()
#6 /data/www/1697622_com/app/Controllers/PublicApi/GetSysConfig.php(25): App\Models\SysConfigModel->get_data_params_like()
#7 /data/www/1697622_com/system/CodeIgniter.php(934): App\Controllers\PublicApi\GetSysConfig->index()
#8 /data/www/1697622_com/system/CodeIgniter.php(499): CodeIgniter\CodeIgniter->runController()
#9 /data/www/1697622_com/system/CodeIgniter.php(368): CodeIgniter\CodeIgniter->handleRequest()
#10 /data/www/1697622_com/public/index.php(67): CodeIgniter\CodeIgniter->run()
#11 {main}
CRITICAL - 2023-08-18 13:51:43 --> Unable to connect to the database.
Main connection [MySQLi]: No such file or directory
in SYSTEMPATH/Database/BaseConnection.php on line 427.
 1 SYSTEMPATH/Database/BaseConnection.php(573): CodeIgniter\Database\BaseConnection->initialize()
 2 SYSTEMPATH/Database/BaseBuilder.php(1602): CodeIgniter\Database\BaseConnection->query()
 3 SYSTEMPATH/Model.php(240): CodeIgniter\Database\BaseBuilder->get()
 4 SYSTEMPATH/BaseModel.php(618): CodeIgniter\Model->doFindAll()
 5 APPPATH/Models/SysConfigModel.php(224): CodeIgniter\BaseModel->findAll()
 6 APPPATH/Controllers/PublicApi/GetSysConfig.php(25): App\Models\SysConfigModel->get_data_params_like()
 7 SYSTEMPATH/CodeIgniter.php(934): App\Controllers\PublicApi\GetSysConfig->index()
 8 SYSTEMPATH/CodeIgniter.php(499): CodeIgniter\CodeIgniter->runController()
 9 SYSTEMPATH/CodeIgniter.php(368): CodeIgniter\CodeIgniter->handleRequest()
10 FCPATH/index.php(67): CodeIgniter\CodeIgniter->run()
CRITICAL - 2023-08-18 15:45:34 --> Unable to connect to the database.
Main connection [MySQLi]: Access denied for user '****'@'localhost' (using password: YES)
in SYSTEMPATH/Database/BaseConnection.php on line 427.
 1 SYSTEMPATH/Database/BaseConnection.php(573): CodeIgniter\Database\BaseConnection->initialize()
 2 SYSTEMPATH/Database/BaseBuilder.php(1602): CodeIgniter\Database\BaseConnection->query()
 3 SYSTEMPATH/Model.php(240): CodeIgniter\Database\BaseBuilder->get()
 4 SYSTEMPATH/BaseModel.php(618): CodeIgniter\Model->doFindAll()
 5 APPPATH/Models/SysConfigModel.php(224): CodeIgniter\BaseModel->findAll()
 6 APPPATH/Controllers/PublicApi/GetSysConfig.php(25): App\Models\SysConfigModel->get_data_params_like()
 7 SYSTEMPATH/CodeIgniter.php(934): App\Controllers\PublicApi\GetSysConfig->index()
 8 SYSTEMPATH/CodeIgniter.php(499): CodeIgniter\CodeIgniter->runController()
 9 SYSTEMPATH/CodeIgniter.php(368): CodeIgniter\CodeIgniter->handleRequest()
10 FCPATH/index.php(67): CodeIgniter\CodeIgniter->run()
CRITICAL - 2023-08-18 15:46:15 --> Unable to connect to the database.
Main connection [MySQLi]: Access denied for user '****'@'localhost' (using password: YES)
in SYSTEMPATH/Database/BaseConnection.php on line 427.
 1 SYSTEMPATH/Database/BaseConnection.php(573): CodeIgniter\Database\BaseConnection->initialize()
 2 SYSTEMPATH/Database/BaseBuilder.php(1602): CodeIgniter\Database\BaseConnection->query()
 3 SYSTEMPATH/Model.php(240): CodeIgniter\Database\BaseBuilder->get()
 4 SYSTEMPATH/BaseModel.php(618): CodeIgniter\Model->doFindAll()
 5 APPPATH/Models/SysConfigModel.php(224): CodeIgniter\BaseModel->findAll()
 6 APPPATH/Controllers/PublicApi/GetSysConfig.php(25): App\Models\SysConfigModel->get_data_params_like()
 7 SYSTEMPATH/CodeIgniter.php(934): App\Controllers\PublicApi\GetSysConfig->index()
 8 SYSTEMPATH/CodeIgniter.php(499): CodeIgniter\CodeIgniter->runController()
 9 SYSTEMPATH/CodeIgniter.php(368): CodeIgniter\CodeIgniter->handleRequest()
10 FCPATH/index.php(67): CodeIgniter\CodeIgniter->run()
CRITICAL - 2023-08-18 15:46:26 --> Unable to connect to the database.
Main connection [MySQLi]: Access denied for user '****'@'localhost' (using password: YES)
in SYSTEMPATH/Database/BaseConnection.php on line 427.
 1 SYSTEMPATH/Database/BaseConnection.php(573): CodeIgniter\Database\BaseConnection->initialize()
 2 SYSTEMPATH/Database/BaseBuilder.php(1602): CodeIgniter\Database\BaseConnection->query()
 3 SYSTEMPATH/Model.php(240): CodeIgniter\Database\BaseBuilder->get()
 4 SYSTEMPATH/BaseModel.php(618): CodeIgniter\Model->doFindAll()
 5 APPPATH/Models/SysConfigModel.php(224): CodeIgniter\BaseModel->findAll()
 6 APPPATH/Controllers/PublicApi/GetSysConfig.php(25): App\Models\SysConfigModel->get_data_params_like()
 7 SYSTEMPATH/CodeIgniter.php(934): App\Controllers\PublicApi\GetSysConfig->index()
 8 SYSTEMPATH/CodeIgniter.php(499): CodeIgniter\CodeIgniter->runController()
 9 SYSTEMPATH/CodeIgniter.php(368): CodeIgniter\CodeIgniter->handleRequest()
10 FCPATH/index.php(67): CodeIgniter\CodeIgniter->run()
ALERT - 2023-08-18 16:10:22 --> login success: admintest01. IP: 116.50.143.83
ALERT - 2023-08-18 16:24:55 --> SysConfig/save_data edit. user: admintest01 data: $_POST: Array
(
    [name] => pr1_link11
    [sys_desc] =>  
    [sys_value] => https:link11.com
    [action_type] => 11
    [photo] => undefined
)
 . IP: 116.50.143.83
ALERT - 2023-08-18 16:25:08 --> SysConfig/save_data edit. user: admintest01 data: $_POST: Array
(
    [name] => pr1_link11
    [sys_desc] =>  
    [sys_value] => http:link11.com
    [action_type] => 11
    [photo] => undefined
)
 . IP: 116.50.143.83
ALERT - 2023-08-18 16:25:34 --> SysConfig/save_data edit. user: admintest01 data: $_POST: Array
(
    [name] => pr1_link11
    [sys_desc] =>  
    [sys_value] => http:link111.com
    [action_type] => 11
    [photo] => undefined
)
 . IP: 116.50.143.83
ALERT - 2023-08-18 16:26:05 --> SysConfig/save_data edit. user: admintest01 data: $_POST: Array
(
    [name] => pr1_link11
    [sys_desc] =>  
    [sys_value] => http://link111.com
    [action_type] => 11
    [photo] => undefined
)
 . IP: 116.50.143.83
ALERT - 2023-08-18 18:26:14 --> login success: admintest01. IP: 116.50.143.83
ALERT - 2023-08-18 20:13:34 --> login success: admintest01. IP: 116.50.143.83
ALERT - 2023-08-18 20:14:41 --> login fail. user: admintest01 pass: testing123456. IP: 116.50.143.109
ALERT - 2023-08-18 20:15:05 --> login fail. user: admintest01 pass: testing123456. IP: 116.50.143.109
ALERT - 2023-08-18 20:16:17 --> login fail. user: admintest01 pass: testing123456. IP: 116.50.143.109
ALERT - 2023-08-18 20:16:23 --> login fail. user: admintest01 pass: testing123456. IP: 116.50.143.109
ALERT - 2023-08-18 20:16:44 --> login fail. user: admintest01 pass: testing123456. IP: 116.50.143.109
ALERT - 2023-08-18 20:17:08 --> login fail. user: admintest01 pass: testing123456. IP: 116.50.143.83
ALERT - 2023-08-18 20:17:22 --> login success: admintest01. IP: 116.50.143.83
ALERT - 2023-08-18 20:18:15 --> MyProfile/save_data user: admintest01 data: $_POST: Array
(
    [username] => admintest01
    [email] => abc01@abc.com
    [password] => 
    [passconf] => 
    [gsecret] => 26APGA5LOJEB4GCC
    [action_type] => 1
)
 . IP: 116.50.143.83
ALERT - 2023-08-18 20:18:50 --> login fail. user: admintest01 pass: testing123456. IP: 116.50.143.109
ALERT - 2023-08-18 20:19:12 --> login fail. user: admintest01 pass: testing123456. IP: 116.50.143.109
ALERT - 2023-08-18 20:19:17 --> login success: admintest01. IP: 116.50.143.109
ALERT - 2023-08-18 20:22:29 --> Promo3betlist/delete_unprocessed. user: admintest01 . IP: 116.50.143.109
ALERT - 2023-08-18 20:23:23 --> login success: admintest01. IP: 116.50.143.83
ALERT - 2023-08-18 20:24:01 --> promo3betlist/save_data_csv batch insert betlist3. user: admintest01 data: 1000 entries inserted. IP: 116.50.143.83
ALERT - 2023-08-18 20:38:28 --> promo3betlist/save_data_csv batch insert betlist3. user: admintest01 data: 958 entries inserted. IP: 116.50.143.109
ALERT - 2023-08-18 20:38:50 --> Promo3betlist/process_data. user: admintest01 Userinfo insert: 475. Userinfo update: 0. Promo insert: 774. IP: 116.50.143.109
